0 info it worked if it ends with ok
1 verbose cli [ '/usr/local/bin/node', '/usr/local/bin/npm', 'start' ]
2 info using npm@3.10.8
3 info using node@v6.8.1
4 verbose run-script [ 'prestart', 'start', 'poststart' ]
5 info lifecycle PCbackend@1.3.10~prestart: PCbackend@1.3.10
6 silly lifecycle PCbackend@1.3.10~prestart: no script for prestart, continuing
7 info lifecycle PCbackend@1.3.10~start: PCbackend@1.3.10
8 verbose lifecycle PCbackend@1.3.10~start: unsafe-perm in lifecycle true
9 verbose lifecycle PCbackend@1.3.10~start: PATH: /usr/local/lib/node_modules/npm/bin/node-gyp-bin:/home/dawid/Pulpit/PCexploRe/pcbackend/node_modules/.bin:/bin:/usr/bin:/usr/local/bin:/opt/bin:/usr/games/bin:/home/dawid/gradle-2.1/bin:/home/dawid/Pulpit/Java/gradle-2.1/bin:/home/dawid/Pulpit/Java/gradle-2.2.1/bin:/opt/jboss/bin:/home/dawid/bin:/usr/lib/jvm/java-7-openjdk-i386/jre/bin
10 verbose lifecycle PCbackend@1.3.10~start: CWD: /home/dawid/Pulpit/PCexploRe/pcbackend
11 silly lifecycle PCbackend@1.3.10~start: Args: [ '-c', 'node router.js' ]
12 silly lifecycle PCbackend@1.3.10~start: Returned: code: 1  signal: null
13 info lifecycle PCbackend@1.3.10~start: Failed to exec start script
14 verbose stack Error: PCbackend@1.3.10 start: `node router.js`
14 verbose stack Exit status 1
14 verbose stack     at EventEmitter.<anonymous> (/usr/local/lib/node_modules/npm/lib/utils/lifecycle.js:255:16)
14 verbose stack     at emitTwo (events.js:106:13)
14 verbose stack     at EventEmitter.emit (events.js:191:7)
14 verbose stack     at ChildProcess.<anonymous> (/usr/local/lib/node_modules/npm/lib/utils/spawn.js:40:14)
14 verbose stack     at emitTwo (events.js:106:13)
14 verbose stack     at ChildProcess.emit (events.js:191:7)
14 verbose stack     at maybeClose (internal/child_process.js:877:16)
14 verbose stack     at Process.ChildProcess._handle.onexit (internal/child_process.js:226:5)
15 verbose pkgid PCbackend@1.3.10
16 verbose cwd /home/dawid/Pulpit/PCexploRe/pcbackend
17 error Linux 3.13.0-100-generic
18 error argv "/usr/local/bin/node" "/usr/local/bin/npm" "start"
19 error node v6.8.1
20 error npm  v3.10.8
21 error code ELIFECYCLE
22 error PCbackend@1.3.10 start: `node router.js`
22 error Exit status 1
23 error Failed at the PCbackend@1.3.10 start script 'node router.js'.
23 error Make sure you have the latest version of node.js and npm installed.
23 error If you do, this is most likely a problem with the PCbackend package,
23 error not with npm itself.
23 error Tell the author that this fails on your system:
23 error     node router.js
23 error You can get information on how to open an issue for this project with:
23 error     npm bugs PCbackend
23 error Or if that isn't available, you can get their info via:
23 error     npm owner ls PCbackend
23 error There is likely additional logging output above.
24 verbose exit [ 1, true ]
